Using pre-set license
Built from '2020.3/staging' branch; Version is '2020.3.30f1 (1fb1bf06830e) revision 2077119'; Using compiler version '192528614'; Build Type 'Release'
OS: 'Windows 11  (10.0.22000) 64bit CoreSingleLanguage' Language: 'pt' Physical Memory: 16221 MB
BatchMode: 1, IsHumanControllingUs: 0, StartBugReporterOnCrash: 0, Is64bit: 1, IsPro: 0

COMMAND LINE ARGUMENTS:
D:\unity\2020.3.30f1\Editor\Unity.exe
-adb2
-batchMode
-noUpm
-name
AssetImportWorker0
-projectPath
D:/Estudo/Facens/Matérias/3º semestre/3d/AC1
-logFile
Logs/AssetImportWorker0.log
-srvPort
59894
Successfully changed project path to: D:/Estudo/Facens/Matérias/3º semestre/3d/AC1
D:/Estudo/Facens/Matérias/3º semestre/3d/AC1
Using Asset Import Pipeline V2.
Refreshing native plugins compatible for Editor in 45.87 ms, found 2 plugins.
Preloading 0 native plugins for Editor in 0.00 ms.
Initialize engine version: 2020.3.30f1 (1fb1bf06830e)
[Subsystems] Discovering subsystems at path D:/unity/2020.3.30f1/Editor/Data/Resources/UnitySubsystems
[Subsystems] Discovering subsystems at path D:/Estudo/Facens/Matérias/3º semestre/3d/AC1/Assets
GfxDevice: creating device client; threaded=0
Direct3D:
    Version:  Direct3D 11.0 [level 11.1]
    Renderer: NVIDIA GeForce GTX 1650 (ID=0x1f91)
    Vendor:   
    VRAM:     3962 MB
    Driver:   30.0.15.1215
Initialize mono
Mono path[0] = 'D:/unity/2020.3.30f1/Editor/Data/Managed'
Mono path[1] = 'D:/unity/2020.3.30f1/Editor/Data/MonoBleedingEdge/lib/mono/unityjit'
Mono config path = 'D:/unity/2020.3.30f1/Editor/Data/MonoBleedingEdge/etc'
Using monoOptions --debugger-agent=transport=dt_socket,embedding=1,server=y,suspend=n,address=127.0.0.1:56540
Begin MonoManager ReloadAssembly
Registering precompiled unity dll's ...
Register platform support module: D:/unity/2020.3.30f1/Editor/Data/PlaybackEngines/WindowsStandaloneSupport/UnityEditor.WindowsStandalone.Extensions.dll
Registered in 0.000902 seconds.
Native extension for WindowsStandalone target not found
Refreshing native plugins compatible for Editor in 40.51 ms, found 2 plugins.
Preloading 0 native plugins for Editor in 0.00 ms.
Mono: successfully reloaded assembly
- Completed reload, in  0.647 seconds
Domain Reload Profiling:
	ReloadAssembly (647ms)
		BeginReloadAssembly (76ms)
			ExecutionOrderSort (0ms)
			DisableScriptedObjects (0ms)
			BackupInstance (0ms)
			ReleaseScriptingObjects (0ms)
			CreateAndSetChildDomain (1ms)
		EndReloadAssembly (505ms)
			LoadAssemblies (74ms)
			RebuildTransferFunctionScriptingTraits (0ms)
			SetupTypeCache (163ms)
			ReleaseScriptCaches (0ms)
			RebuildScriptCaches (39ms)
			SetupLoadedEditorAssemblies (180ms)
				LogAssemblyErrors (0ms)
				InitializePlatformSupportModulesInManaged (5ms)
				SetLoadedEditorAssemblies (0ms)
				RefreshPlugins (41ms)
				BeforeProcessingInitializeOnLoad (16ms)
				ProcessInitializeOnLoadAttributes (87ms)
				ProcessInitializeOnLoadMethodAttributes (30ms)
				AfterProcessingInitializeOnLoad (0ms)
				EditorAssembliesLoaded (0ms)
			ExecutionOrderSort2 (0ms)
			AwakeInstancesAfterBackupRestoration (0ms)
Platform modules already initialized, skipping
Registering precompiled user dll's ...
Registered in 0.003080 seconds.
Begin MonoManager ReloadAssembly
Native extension for WindowsStandalone target not found
Refreshing native plugins compatible for Editor in 0.41 ms, found 2 plugins.
Preloading 0 native plugins for Editor in 0.00 ms.
Mono: successfully reloaded assembly
- Completed reload, in  1.137 seconds
Domain Reload Profiling:
	ReloadAssembly (1138ms)
		BeginReloadAssembly (197ms)
			ExecutionOrderSort (0ms)
			DisableScriptedObjects (5ms)
			BackupInstance (0ms)
			ReleaseScriptingObjects (0ms)
			CreateAndSetChildDomain (19ms)
		EndReloadAssembly (886ms)
			LoadAssemblies (113ms)
			RebuildTransferFunctionScriptingTraits (0ms)
			SetupTypeCache (294ms)
			ReleaseScriptCaches (0ms)
			RebuildScriptCaches (52ms)
			SetupLoadedEditorAssemblies (343ms)
				LogAssemblyErrors (0ms)
				InitializePlatformSupportModulesInManaged (5ms)
				SetLoadedEditorAssemblies (1ms)
				RefreshPlugins (0ms)
				BeforeProcessingInitializeOnLoad (82ms)
				ProcessInitializeOnLoadAttributes (244ms)
				ProcessInitializeOnLoadMethodAttributes (9ms)
				AfterProcessingInitializeOnLoad (2ms)
				EditorAssembliesLoaded (0ms)
			ExecutionOrderSort2 (0ms)
			AwakeInstancesAfterBackupRestoration (7ms)
Platform modules already initialized, skipping
========================================================================
Worker process is ready to serve import requests
Launched and connected shader compiler UnityShaderCompiler.exe after 0.15 seconds
Refreshing native plugins compatible for Editor in 0.39 ms, found 2 plugins.
Preloading 0 native plugins for Editor in 0.00 ms.
Unloading 2036 Unused Serialized files (Serialized files now loaded: 0)
System memory in use before: 104.5 MB.
System memory in use after: 104.6 MB.

Unloading 18 unused Assets to reduce memory usage. Loaded Objects now: 2492.
Total: 4.257400 ms (FindLiveObjects: 0.167000 ms CreateObjectMapping: 0.072300 ms MarkObjects: 3.845300 ms  DeleteObjects: 0.171600 ms)

AssetImportParameters requested are different than current active one (requested -> active):
  custom:framework-win-MediaFoundation: 216162199b28c13a410421893ffa2e32 -> 
  custom:video-decoder-ogg-theora: a1e56fd34408186e4bbccfd4996cb3dc -> 
  custom:container-muxer-webm: aa71ff27fc2769a1b78a27578f13a17b -> 
  custom:container-demuxer-webm: 4f35f7cbe854078d1ac9338744f61a02 -> 
  custom:container-demuxer-ogg: 62fdf1f143b41e24485cea50d1cbac27 -> 
  custom:video-encoder-webm-vp8: eb34c28f22e8b96e1ab97ce403110664 -> 
  custom:video-decoder-webm-vp8: 9c59270c3fd7afecdb556c50c9e8de78 -> 
  custom:audio-decoder-ogg-vorbis: bf7c407c2cedff20999df2af8eb42d56 -> 
  custom:audio-encoder-webm-vorbis: bf7c407c2cedff20999df2af8eb42d56 -> 
========================================================================
Received Import Request.
  path: Assets/Scenes/Fase 1.unity
  artifactKey: Guid(b626d6ded7864d7429e4c6a6c50ddb67) Importer(815301076,1909f56bfc062723c751e8b465ee728b)
Start importing Assets/Scenes/Fase 1.unity using Guid(b626d6ded7864d7429e4c6a6c50ddb67) Importer(815301076,1909f56bfc062723c751e8b465ee728b)  -> (artifact id: 'af013b7066cc6870df95a9d96d0a56b1') in 0.014054 seconds 
========================================================================
Received Import Request.
  Time since last request: 14.889922 seconds.
  path: Assets/Scenes/Fase 2.unity
  artifactKey: Guid(8f1261c432808564bbb15032e5fefe9e) Importer(815301076,1909f56bfc062723c751e8b465ee728b)
Start importing Assets/Scenes/Fase 2.unity using Guid(8f1261c432808564bbb15032e5fefe9e) Importer(815301076,1909f56bfc062723c751e8b465ee728b)  -> (artifact id: '3ad112643370e33fcbaddac81287ba46') in 0.003784 seconds 
========================================================================
Received Import Request.
  Time since last request: 3.118255 seconds.
  path: Assets/Scenes/Fase 3.unity
  artifactKey: Guid(142a36b92556bc345adad061595414e7) Importer(815301076,1909f56bfc062723c751e8b465ee728b)
Start importing Assets/Scenes/Fase 3.unity using Guid(142a36b92556bc345adad061595414e7) Importer(815301076,1909f56bfc062723c751e8b465ee728b)  -> (artifact id: '06b6dceb7067a74d7bf6bb47ee8eab55') in 0.003814 seconds 
========================================================================
Received Import Request.
  Time since last request: 231.918423 seconds.
  path: Assets/Scripts/WIN.cs
  artifactKey: Guid(84123a675a4061a4dbfd93fc14a52792) Importer(815301076,1909f56bfc062723c751e8b465ee728b)
Start importing Assets/Scripts/WIN.cs using Guid(84123a675a4061a4dbfd93fc14a52792) Importer(815301076,1909f56bfc062723c751e8b465ee728b)  -> (artifact id: '43b6e4f55ba47faf574754584611dc1c') in 0.041981 seconds 
========================================================================
Received Prepare
Registering precompiled user dll's ...
Registered in 0.002890 seconds.
Begin MonoManager ReloadAssembly
Native extension for WindowsStandalone target not found
Refreshing native plugins compatible for Editor in 0.74 ms, found 2 plugins.
Preloading 0 native plugins for Editor in 0.00 ms.
Mono: successfully reloaded assembly
- Completed reload, in  1.233 seconds
Domain Reload Profiling:
	ReloadAssembly (1233ms)
		BeginReloadAssembly (168ms)
			ExecutionOrderSort (0ms)
			DisableScriptedObjects (6ms)
			BackupInstance (0ms)
			ReleaseScriptingObjects (0ms)
			CreateAndSetChildDomain (41ms)
		EndReloadAssembly (994ms)
			LoadAssemblies (141ms)
			RebuildTransferFunctionScriptingTraits (0ms)
			SetupTypeCache (358ms)
			ReleaseScriptCaches (1ms)
			RebuildScriptCaches (49ms)
			SetupLoadedEditorAssemblies (370ms)
				LogAssemblyErrors (0ms)
				InitializePlatformSupportModulesInManaged (7ms)
				SetLoadedEditorAssemblies (1ms)
				RefreshPlugins (1ms)
				BeforeProcessingInitializeOnLoad (99ms)
				ProcessInitializeOnLoadAttributes (250ms)
				ProcessInitializeOnLoadMethodAttributes (10ms)
				AfterProcessingInitializeOnLoad (3ms)
				EditorAssembliesLoaded (0ms)
			ExecutionOrderSort2 (0ms)
			AwakeInstancesAfterBackupRestoration (7ms)
Platform modules already initialized, skipping
Refreshing native plugins compatible for Editor in 0.44 ms, found 2 plugins.
Preloading 0 native plugins for Editor in 0.00 ms.
Unloading 1993 Unused Serialized files (Serialized files now loaded: 0)
System memory in use before: 100.8 MB.
System memory in use after: 100.8 MB.

Unloading 13 unused Assets to reduce memory usage. Loaded Objects now: 2495.
Total: 2.954700 ms (FindLiveObjects: 0.168000 ms CreateObjectMapping: 0.070500 ms MarkObjects: 2.630500 ms  DeleteObjects: 0.084900 ms)

AssetImportParameters requested are different than current active one (requested -> active):
  custom:framework-win-MediaFoundation: 216162199b28c13a410421893ffa2e32 -> 
  custom:video-decoder-ogg-theora: a1e56fd34408186e4bbccfd4996cb3dc -> 
  custom:container-muxer-webm: aa71ff27fc2769a1b78a27578f13a17b -> 
  custom:container-demuxer-webm: 4f35f7cbe854078d1ac9338744f61a02 -> 
  custom:container-demuxer-ogg: 62fdf1f143b41e24485cea50d1cbac27 -> 
  custom:video-encoder-webm-vp8: eb34c28f22e8b96e1ab97ce403110664 -> 
  custom:video-decoder-webm-vp8: 9c59270c3fd7afecdb556c50c9e8de78 -> 
  custom:audio-decoder-ogg-vorbis: bf7c407c2cedff20999df2af8eb42d56 -> 
  custom:audio-encoder-webm-vorbis: bf7c407c2cedff20999df2af8eb42d56 -> 
========================================================================
Received Import Request.
  Time since last request: 149.090591 seconds.
  path: Assets/Scripts/WIN.cs
  artifactKey: Guid(84123a675a4061a4dbfd93fc14a52792) Importer(815301076,1909f56bfc062723c751e8b465ee728b)
Start importing Assets/Scripts/WIN.cs using Guid(84123a675a4061a4dbfd93fc14a52792) Importer(815301076,1909f56bfc062723c751e8b465ee728b)  -> (artifact id: 'a25f670cb9caa309593b0b8ee41e10e7') in 0.006825 seconds 
========================================================================
Received Prepare
Registering precompiled user dll's ...
Registered in 0.002403 seconds.
Begin MonoManager ReloadAssembly
Native extension for WindowsStandalone target not found
Refreshing native plugins compatible for Editor in 0.40 ms, found 2 plugins.
Preloading 0 native plugins for Editor in 0.00 ms.
Mono: successfully reloaded assembly
- Completed reload, in  1.160 seconds
Domain Reload Profiling:
	ReloadAssembly (1161ms)
		BeginReloadAssembly (139ms)
			ExecutionOrderSort (0ms)
			DisableScriptedObjects (5ms)
			BackupInstance (0ms)
			ReleaseScriptingObjects (0ms)
			CreateAndSetChildDomain (38ms)
		EndReloadAssembly (964ms)
			LoadAssemblies (133ms)
			RebuildTransferFunctionScriptingTraits (0ms)
			SetupTypeCache (376ms)
			ReleaseScriptCaches (1ms)
			RebuildScriptCaches (50ms)
			SetupLoadedEditorAssemblies (324ms)
				LogAssemblyErrors (0ms)
				InitializePlatformSupportModulesInManaged (4ms)
				SetLoadedEditorAssemblies (0ms)
				RefreshPlugins (0ms)
				BeforeProcessingInitializeOnLoad (73ms)
				ProcessInitializeOnLoadAttributes (236ms)
				ProcessInitializeOnLoadMethodAttributes (9ms)
				AfterProcessingInitializeOnLoad (2ms)
				EditorAssembliesLoaded (0ms)
			ExecutionOrderSort2 (0ms)
			AwakeInstancesAfterBackupRestoration (7ms)
Platform modules already initialized, skipping
Refreshing native plugins compatible for Editor in 0.40 ms, found 2 plugins.
Preloading 0 native plugins for Editor in 0.00 ms.
Unloading 1993 Unused Serialized files (Serialized files now loaded: 0)
System memory in use before: 100.8 MB.
System memory in use after: 100.9 MB.

Unloading 13 unused Assets to reduce memory usage. Loaded Objects now: 2497.
Total: 2.652700 ms (FindLiveObjects: 0.160900 ms CreateObjectMapping: 0.074900 ms MarkObjects: 2.323100 ms  DeleteObjects: 0.093000 ms)

AssetImportParameters requested are different than current active one (requested -> active):
  custom:framework-win-MediaFoundation: 216162199b28c13a410421893ffa2e32 -> 
  custom:video-decoder-ogg-theora: a1e56fd34408186e4bbccfd4996cb3dc -> 
  custom:container-muxer-webm: aa71ff27fc2769a1b78a27578f13a17b -> 
  custom:container-demuxer-webm: 4f35f7cbe854078d1ac9338744f61a02 -> 
  custom:container-demuxer-ogg: 62fdf1f143b41e24485cea50d1cbac27 -> 
  custom:video-encoder-webm-vp8: eb34c28f22e8b96e1ab97ce403110664 -> 
  custom:video-decoder-webm-vp8: 9c59270c3fd7afecdb556c50c9e8de78 -> 
  custom:audio-decoder-ogg-vorbis: bf7c407c2cedff20999df2af8eb42d56 -> 
  custom:audio-encoder-webm-vorbis: bf7c407c2cedff20999df2af8eb42d56 -> 
========================================================================
Received Prepare
Registering precompiled user dll's ...
Registered in 0.002895 seconds.
Begin MonoManager ReloadAssembly
Native extension for WindowsStandalone target not found
Refreshing native plugins compatible for Editor in 0.39 ms, found 2 plugins.
Preloading 0 native plugins for Editor in 0.00 ms.
Mono: successfully reloaded assembly
- Completed reload, in  1.164 seconds
Domain Reload Profiling:
	ReloadAssembly (1164ms)
		BeginReloadAssembly (143ms)
			ExecutionOrderSort (0ms)
			DisableScriptedObjects (4ms)
			BackupInstance (0ms)
			ReleaseScriptingObjects (0ms)
			CreateAndSetChildDomain (34ms)
		EndReloadAssembly (955ms)
			LoadAssemblies (133ms)
			RebuildTransferFunctionScriptingTraits (0ms)
			SetupTypeCache (388ms)
			ReleaseScriptCaches (1ms)
			RebuildScriptCaches (52ms)
			SetupLoadedEditorAssemblies (302ms)
				LogAssemblyErrors (0ms)
				InitializePlatformSupportModulesInManaged (4ms)
				SetLoadedEditorAssemblies (0ms)
				RefreshPlugins (0ms)
				BeforeProcessingInitializeOnLoad (75ms)
				ProcessInitializeOnLoadAttributes (212ms)
				ProcessInitializeOnLoadMethodAttributes (8ms)
				AfterProcessingInitializeOnLoad (2ms)
				EditorAssembliesLoaded (0ms)
			ExecutionOrderSort2 (0ms)
			AwakeInstancesAfterBackupRestoration (7ms)
Platform modules already initialized, skipping
Refreshing native plugins compatible for Editor in 0.49 ms, found 2 plugins.
Preloading 0 native plugins for Editor in 0.00 ms.
Unloading 1993 Unused Serialized files (Serialized files now loaded: 0)
System memory in use before: 100.8 MB.
System memory in use after: 100.9 MB.

Unloading 13 unused Assets to reduce memory usage. Loaded Objects now: 2499.
Total: 2.965800 ms (FindLiveObjects: 0.155500 ms CreateObjectMapping: 0.072100 ms MarkObjects: 2.648500 ms  DeleteObjects: 0.088900 ms)

AssetImportParameters requested are different than current active one (requested -> active):
  custom:framework-win-MediaFoundation: 216162199b28c13a410421893ffa2e32 -> 
  custom:video-decoder-ogg-theora: a1e56fd34408186e4bbccfd4996cb3dc -> 
  custom:container-muxer-webm: aa71ff27fc2769a1b78a27578f13a17b -> 
  custom:container-demuxer-webm: 4f35f7cbe854078d1ac9338744f61a02 -> 
  custom:container-demuxer-ogg: 62fdf1f143b41e24485cea50d1cbac27 -> 
  custom:video-encoder-webm-vp8: eb34c28f22e8b96e1ab97ce403110664 -> 
  custom:video-decoder-webm-vp8: 9c59270c3fd7afecdb556c50c9e8de78 -> 
  custom:audio-decoder-ogg-vorbis: bf7c407c2cedff20999df2af8eb42d56 -> 
  custom:audio-encoder-webm-vorbis: bf7c407c2cedff20999df2af8eb42d56 -> 
========================================================================
Received Prepare
Registering precompiled user dll's ...
Registered in 0.002721 seconds.
Begin MonoManager ReloadAssembly
Native extension for WindowsStandalone target not found
Refreshing native plugins compatible for Editor in 0.83 ms, found 2 plugins.
Preloading 0 native plugins for Editor in 0.00 ms.
Mono: successfully reloaded assembly
- Completed reload, in  1.305 seconds
Domain Reload Profiling:
	ReloadAssembly (1305ms)
		BeginReloadAssembly (151ms)
			ExecutionOrderSort (0ms)
			DisableScriptedObjects (4ms)
			BackupInstance (0ms)
			ReleaseScriptingObjects (0ms)
			CreateAndSetChildDomain (35ms)
		EndReloadAssembly (1086ms)
			LoadAssemblies (132ms)
			RebuildTransferFunctionScriptingTraits (0ms)
			SetupTypeCache (401ms)
			ReleaseScriptCaches (2ms)
			RebuildScriptCaches (62ms)
			SetupLoadedEditorAssemblies (386ms)
				LogAssemblyErrors (0ms)
				InitializePlatformSupportModulesInManaged (8ms)
				SetLoadedEditorAssemblies (1ms)
				RefreshPlugins (1ms)
				BeforeProcessingInitializeOnLoad (96ms)
				ProcessInitializeOnLoadAttributes (265ms)
				ProcessInitializeOnLoadMethodAttributes (12ms)
				AfterProcessingInitializeOnLoad (3ms)
				EditorAssembliesLoaded (0ms)
			ExecutionOrderSort2 (0ms)
			AwakeInstancesAfterBackupRestoration (9ms)
Platform modules already initialized, skipping
Refreshing native plugins compatible for Editor in 0.45 ms, found 2 plugins.
Preloading 0 native plugins for Editor in 0.00 ms.
Unloading 1993 Unused Serialized files (Serialized files now loaded: 0)
System memory in use before: 100.8 MB.
System memory in use after: 100.9 MB.

Unloading 13 unused Assets to reduce memory usage. Loaded Objects now: 2501.
Total: 4.527200 ms (FindLiveObjects: 0.222500 ms CreateObjectMapping: 0.097100 ms MarkObjects: 4.028300 ms  DeleteObjects: 0.175500 ms)

AssetImportParameters requested are different than current active one (requested -> active):
  custom:framework-win-MediaFoundation: 216162199b28c13a410421893ffa2e32 -> 
  custom:video-decoder-ogg-theora: a1e56fd34408186e4bbccfd4996cb3dc -> 
  custom:container-muxer-webm: aa71ff27fc2769a1b78a27578f13a17b -> 
  custom:container-demuxer-webm: 4f35f7cbe854078d1ac9338744f61a02 -> 
  custom:container-demuxer-ogg: 62fdf1f143b41e24485cea50d1cbac27 -> 
  custom:video-encoder-webm-vp8: eb34c28f22e8b96e1ab97ce403110664 -> 
  custom:video-decoder-webm-vp8: 9c59270c3fd7afecdb556c50c9e8de78 -> 
  custom:audio-decoder-ogg-vorbis: bf7c407c2cedff20999df2af8eb42d56 -> 
  custom:audio-encoder-webm-vorbis: bf7c407c2cedff20999df2af8eb42d56 -> 
========================================================================
Received Prepare
Registering precompiled user dll's ...
Registered in 0.003713 seconds.
Begin MonoManager ReloadAssembly
Native extension for WindowsStandalone target not found
Refreshing native plugins compatible for Editor in 0.45 ms, found 2 plugins.
Preloading 0 native plugins for Editor in 0.00 ms.
Mono: successfully reloaded assembly
- Completed reload, in  1.356 seconds
Domain Reload Profiling:
	ReloadAssembly (1357ms)
		BeginReloadAssembly (166ms)
			ExecutionOrderSort (0ms)
			DisableScriptedObjects (7ms)
			BackupInstance (0ms)
			ReleaseScriptingObjects (0ms)
			CreateAndSetChildDomain (38ms)
		EndReloadAssembly (1108ms)
			LoadAssemblies (142ms)
			RebuildTransferFunctionScriptingTraits (0ms)
			SetupTypeCache (378ms)
			ReleaseScriptCaches (1ms)
			RebuildScriptCaches (53ms)
			SetupLoadedEditorAssemblies (436ms)
				LogAssemblyErrors (0ms)
				InitializePlatformSupportModulesInManaged (5ms)
				SetLoadedEditorAssemblies (1ms)
				RefreshPlugins (1ms)
				BeforeProcessingInitializeOnLoad (106ms)
				ProcessInitializeOnLoadAttributes (309ms)
				ProcessInitializeOnLoadMethodAttributes (12ms)
				AfterProcessingInitializeOnLoad (3ms)
				EditorAssembliesLoaded (0ms)
			ExecutionOrderSort2 (0ms)
			AwakeInstancesAfterBackupRestoration (8ms)
Platform modules already initialized, skipping
Refreshing native plugins compatible for Editor in 0.79 ms, found 2 plugins.
Preloading 0 native plugins for Editor in 0.00 ms.
Unloading 1993 Unused Serialized files (Serialized files now loaded: 0)
System memory in use before: 100.8 MB.
System memory in use after: 100.8 MB.

Unloading 13 unused Assets to reduce memory usage. Loaded Objects now: 2503.
Total: 3.710700 ms (FindLiveObjects: 0.178400 ms CreateObjectMapping: 0.082700 ms MarkObjects: 3.330500 ms  DeleteObjects: 0.118300 ms)

AssetImportParameters requested are different than current active one (requested -> active):
  custom:framework-win-MediaFoundation: 216162199b28c13a410421893ffa2e32 -> 
  custom:video-decoder-ogg-theora: a1e56fd34408186e4bbccfd4996cb3dc -> 
  custom:container-muxer-webm: aa71ff27fc2769a1b78a27578f13a17b -> 
  custom:container-demuxer-webm: 4f35f7cbe854078d1ac9338744f61a02 -> 
  custom:container-demuxer-ogg: 62fdf1f143b41e24485cea50d1cbac27 -> 
  custom:video-encoder-webm-vp8: eb34c28f22e8b96e1ab97ce403110664 -> 
  custom:video-decoder-webm-vp8: 9c59270c3fd7afecdb556c50c9e8de78 -> 
  custom:audio-decoder-ogg-vorbis: bf7c407c2cedff20999df2af8eb42d56 -> 
  custom:audio-encoder-webm-vorbis: bf7c407c2cedff20999df2af8eb42d56 -> 
========================================================================
Received Import Request.
  Time since last request: 361.747219 seconds.
  path: Assets/Animations
  artifactKey: Guid(5727da5d61c0cb64e8a20101a16b9235) Importer(815301076,1909f56bfc062723c751e8b465ee728b)
Start importing Assets/Animations using Guid(5727da5d61c0cb64e8a20101a16b9235) Importer(815301076,1909f56bfc062723c751e8b465ee728b)  -> (artifact id: '7e088fd40ac48574e295e86a3e440298') in 0.012820 seconds 
========================================================================
Received Import Request.
  Time since last request: 0.040581 seconds.
  path: Assets/Animations/spin.anim
  artifactKey: Guid(24e1acda686ddac4a999ebb711a8695a) Importer(815301076,1909f56bfc062723c751e8b465ee728b)
Start importing Assets/Animations/spin.anim using Guid(24e1acda686ddac4a999ebb711a8695a) Importer(815301076,1909f56bfc062723c751e8b465ee728b)  -> (artifact id: '4efdff43b964263a0b5a54795b0df804') in 0.092104 seconds 
========================================================================
Received Import Request.
  Time since last request: 0.006174 seconds.
  path: Assets/Animations/Cube.controller
  artifactKey: Guid(91eba6fa3eb9a8d45b6250b28ad3db1d) Importer(815301076,1909f56bfc062723c751e8b465ee728b)
Start importing Assets/Animations/Cube.controller using Guid(91eba6fa3eb9a8d45b6250b28ad3db1d) Importer(815301076,1909f56bfc062723c751e8b465ee728b)  -> (artifact id: 'aaf318b7492289b319bad4f6ee1bf2a0') in 0.011896 seconds 
========================================================================
Received Import Request.
  Time since last request: 0.211055 seconds.
  path: Assets/Scripts/HudManager.cs
  artifactKey: Guid(2a498914708753241a0bd24e1dc2e650) Importer(815301076,1909f56bfc062723c751e8b465ee728b)
Start importing Assets/Scripts/HudManager.cs using Guid(2a498914708753241a0bd24e1dc2e650) Importer(815301076,1909f56bfc062723c751e8b465ee728b)  -> (artifact id: '771fcbd8adf063bf31ae637d3c859c5c') in 0.012647 seconds 
========================================================================
Received Import Request.
  Time since last request: 0.003673 seconds.
  path: Assets/Animations/vai.anim
  artifactKey: Guid(8649fe0b62a001849ad4ff2d3d6d5834) Importer(815301076,1909f56bfc062723c751e8b465ee728b)
Start importing Assets/Animations/vai.anim using Guid(8649fe0b62a001849ad4ff2d3d6d5834) Importer(815301076,1909f56bfc062723c751e8b465ee728b)  -> (artifact id: '6e5e7601ac63cd2ac36c46bd901cd3d6') in 0.008151 seconds 
========================================================================
Received Import Request.
  Time since last request: 0.017764 seconds.
  path: Assets/Prefabs/Canvas.prefab
  artifactKey: Guid(b7b4c2065862cb14e93561e81c3df34d) Importer(815301076,1909f56bfc062723c751e8b465ee728b)
Start importing Assets/Prefabs/Canvas.prefab using Guid(b7b4c2065862cb14e93561e81c3df34d) Importer(815301076,1909f56bfc062723c751e8b465ee728b)  -> (artifact id: '2f87b3acbb977a416bf59de60bdd7967') in 0.091319 seconds 
========================================================================
Received Import Request.
  Time since last request: 0.009217 seconds.
  path: Assets/Cone.controller
  artifactKey: Guid(1276297d81f3b3f40a5e13c49d59dabe) Importer(815301076,1909f56bfc062723c751e8b465ee728b)
Start importing Assets/Cone.controller using Guid(1276297d81f3b3f40a5e13c49d59dabe) Importer(815301076,1909f56bfc062723c751e8b465ee728b)  -> (artifact id: '1786bcaf2a2757cd86db0557dcd5d845') in 0.006176 seconds 
========================================================================
Received Import Request.
  Time since last request: 0.252427 seconds.
  path: Assets/Scenes/Fase 1.unity
  artifactKey: Guid(b626d6ded7864d7429e4c6a6c50ddb67) Importer(815301076,1909f56bfc062723c751e8b465ee728b)
Start importing Assets/Scenes/Fase 1.unity using Guid(b626d6ded7864d7429e4c6a6c50ddb67) Importer(815301076,1909f56bfc062723c751e8b465ee728b)  -> (artifact id: '94e05849af2b548af3aa0ff8578b1e15') in 0.002860 seconds 
========================================================================
Received Import Request.
  Time since last request: 0.291530 seconds.
  path: Assets/Animations/Arch.controller
  artifactKey: Guid(7b4f6bd9e27faf9419f2ffd66565dc37) Importer(815301076,1909f56bfc062723c751e8b465ee728b)
Start importing Assets/Animations/Arch.controller using Guid(7b4f6bd9e27faf9419f2ffd66565dc37) Importer(815301076,1909f56bfc062723c751e8b465ee728b)  -> (artifact id: 'ceed01cfe2e8299d5c36e22071f50976') in 0.007560 seconds 
========================================================================
Received Import Request.
  Time since last request: 0.432593 seconds.
  path: Assets/Animations/upzao.anim
  artifactKey: Guid(8d023563e59d39344890ddd6319ffd37) Importer(815301076,1909f56bfc062723c751e8b465ee728b)
Start importing Assets/Animations/upzao.anim using Guid(8d023563e59d39344890ddd6319ffd37) Importer(815301076,1909f56bfc062723c751e8b465ee728b)  -> (artifact id: '8dfec169dbeff11c8ae3e19c473c45d6') in 0.006545 seconds 
========================================================================
Received Import Request.
  Time since last request: 0.138785 seconds.
  path: Assets/Scripts/respawn.cs
  artifactKey: Guid(f9ec4cc60697daa469319c1e8ece9f28) Importer(815301076,1909f56bfc062723c751e8b465ee728b)
Start importing Assets/Scripts/respawn.cs using Guid(f9ec4cc60697daa469319c1e8ece9f28) Importer(815301076,1909f56bfc062723c751e8b465ee728b)  -> (artifact id: '3d3cab0b865e8352466723cf3aa0c887') in 0.002574 seconds 
========================================================================
Received Import Request.
  Time since last request: 0.116051 seconds.
  path: Assets/Scenes/Fase 3.unity
  artifactKey: Guid(142a36b92556bc345adad061595414e7) Importer(815301076,1909f56bfc062723c751e8b465ee728b)
Start importing Assets/Scenes/Fase 3.unity using Guid(142a36b92556bc345adad061595414e7) Importer(815301076,1909f56bfc062723c751e8b465ee728b)  -> (artifact id: 'f5d38a40e6c30f71969a6fc30e42b263') in 0.002212 seconds 
========================================================================
Received Import Request.
  Time since last request: 0.145591 seconds.
  path: Assets/Animations/up.anim
  artifactKey: Guid(834829805bbe1c040954291a370975a8) Importer(815301076,1909f56bfc062723c751e8b465ee728b)
Start importing Assets/Animations/up.anim using Guid(834829805bbe1c040954291a370975a8) Importer(815301076,1909f56bfc062723c751e8b465ee728b)  -> (artifact id: 'cb6dd132196c59ca807696796c53b4af') in 0.005620 seconds 
========================================================================
Received Import Request.
  Time since last request: 0.048846 seconds.
  path: Assets/Scripts/Player.cs
  artifactKey: Guid(56647af383ceef74baec5de90ca8bebf) Importer(815301076,1909f56bfc062723c751e8b465ee728b)
Start importing Assets/Scripts/Player.cs using Guid(56647af383ceef74baec5de90ca8bebf) Importer(815301076,1909f56bfc062723c751e8b465ee728b)  -> (artifact id: '30779fe526c56dca58a715d233947aca') in 0.005015 seconds 
========================================================================
Received Import Request.
  Time since last request: 0.003027 seconds.
  path: Assets/tEXTURE/Moon.mat
  artifactKey: Guid(6ad5016c67cf21a4abee17fb16488eb2) Importer(815301076,1909f56bfc062723c751e8b465ee728b)
Start importing Assets/tEXTURE/Moon.mat using Guid(6ad5016c67cf21a4abee17fb16488eb2) Importer(815301076,1909f56bfc062723c751e8b465ee728b)  -> (artifact id: 'd59f9ece3e285a1b1053e3c0c1f9c58c') in 0.175078 seconds 
========================================================================
Received Import Request.
  Time since last request: 0.284843 seconds.
  path: Assets/Scripts/WIN.cs
  artifactKey: Guid(84123a675a4061a4dbfd93fc14a52792) Importer(815301076,1909f56bfc062723c751e8b465ee728b)
Start importing Assets/Scripts/WIN.cs using Guid(84123a675a4061a4dbfd93fc14a52792) Importer(815301076,1909f56bfc062723c751e8b465ee728b)  -> (artifact id: '87e19275e8363f2497fda93951596fca') in 0.001898 seconds 
========================================================================
Received Import Request.
  Time since last request: 0.043011 seconds.
  path: Assets/tEXTURE/NewLayer 2.terrainlayer
  artifactKey: Guid(c0be9f02e66d6174ba0c945e46a0e917) Importer(815301076,1909f56bfc062723c751e8b465ee728b)
Start importing Assets/tEXTURE/NewLayer 2.terrainlayer using Guid(c0be9f02e66d6174ba0c945e46a0e917) Importer(815301076,1909f56bfc062723c751e8b465ee728b)  -> (artifact id: 'dd8ea7671c2c182e721188da28882466') in 0.043735 seconds 
========================================================================
Received Import Request.
  Time since last request: 0.074733 seconds.
  path: Assets/Prefabs/powerup.prefab
  artifactKey: Guid(8fdeac54572c5b24eb8fb3d23b1281e1) Importer(815301076,1909f56bfc062723c751e8b465ee728b)
Start importing Assets/Prefabs/powerup.prefab using Guid(8fdeac54572c5b24eb8fb3d23b1281e1) Importer(815301076,1909f56bfc062723c751e8b465ee728b)  -> (artifact id: 'd0550e05c28afe02e9815e5628026be0') in 0.049165 seconds 
========================================================================
Received Import Request.
  Time since last request: 0.068749 seconds.
  path: Assets/Animations/Cylinder.controller
  artifactKey: Guid(1760260d0f6a6884d8b6385154929f05) Importer(815301076,1909f56bfc062723c751e8b465ee728b)
Start importing Assets/Animations/Cylinder.controller using Guid(1760260d0f6a6884d8b6385154929f05) Importer(815301076,1909f56bfc062723c751e8b465ee728b)  -> (artifact id: '3c61078416da1e0a30ca612593356fc3') in 0.006565 seconds 
AssetImportWorkerClient::OnTransportError - code=2 error=End of file
